2026-02-10T14:38:07.852Z - MongoServerError: E11000 duplicate key error collection: demo_nm_1.payrollprofiles index: employeeId_1 dup key: { employeeId: null }
    at InsertOneOperation.handleOk (C:\Users\use\Desktop\AG\fullpayroll\fullpayroll\server\node_modules\mongodb\lib\operations\insert.js:51:19)
    at tryOperation (C:\Users\use\Desktop\AG\fullpayroll\fullpayroll\server\node_modules\mongodb\lib\operations\execute_operation.js:216:34)
    at process.processTicksAndRejections (node:internal/process/task_queues:105:5)
    at async executeOperation (C:\Users\use\Desktop\AG\fullpayroll\fullpayroll\server\node_modules\mongodb\lib\operations\execute_operation.js:80:16)
    at async Collection.insertOne (C:\Users\use\Desktop\AG\fullpayroll\fullpayroll\server\node_modules\mongodb\lib\collection.js:154:16)
    at async model.$__save (C:\Users\use\Desktop\AG\fullpayroll\fullpayroll\server\node_modules\mongoose\lib\model.js:398:16)
    at async model.save (C:\Users\use\Desktop\AG\fullpayroll\fullpayroll\server\node_modules\mongoose\lib\model.js:609:5)
    at async C:\Users\use\Desktop\AG\fullpayroll\fullpayroll\server\node_modules\mongoose\lib\model.js:2714:9
    at async Promise.all (index 0)
    at async Function.create (C:\Users\use\Desktop\AG\fullpayroll\fullpayroll\server\node_modules\mongoose\lib\model.js:2699:11)
2026-02-10T14:38:31.485Z - MongoServerError: E11000 duplicate key error collection: demo_nm_1.payrollprofiles index: employeeId_1 dup key: { employeeId: null }
    at InsertOneOperation.handleOk (C:\Users\use\Desktop\AG\fullpayroll\fullpayroll\server\node_modules\mongodb\lib\operations\insert.js:51:19)
    at tryOperation (C:\Users\use\Desktop\AG\fullpayroll\fullpayroll\server\node_modules\mongodb\lib\operations\execute_operation.js:216:34)
    at process.processTicksAndRejections (node:internal/process/task_queues:105:5)
    at async executeOperation (C:\Users\use\Desktop\AG\fullpayroll\fullpayroll\server\node_modules\mongodb\lib\operations\execute_operation.js:80:16)
    at async Collection.insertOne (C:\Users\use\Desktop\AG\fullpayroll\fullpayroll\server\node_modules\mongodb\lib\collection.js:154:16)
    at async model.$__save (C:\Users\use\Desktop\AG\fullpayroll\fullpayroll\server\node_modules\mongoose\lib\model.js:398:16)
    at async model.save (C:\Users\use\Desktop\AG\fullpayroll\fullpayroll\server\node_modules\mongoose\lib\model.js:609:5)
    at async C:\Users\use\Desktop\AG\fullpayroll\fullpayroll\server\node_modules\mongoose\lib\model.js:2714:9
    at async Promise.all (index 0)
    at async Function.create (C:\Users\use\Desktop\AG\fullpayroll\fullpayroll\server\node_modules\mongoose\lib\model.js:2699:11)
2026-02-10T14:38:52.430Z - MongoServerError: E11000 duplicate key error collection: demo_nm_1.payrollprofiles index: employeeId_1 dup key: { employeeId: null }
    at InsertOneOperation.handleOk (C:\Users\use\Desktop\AG\fullpayroll\fullpayroll\server\node_modules\mongodb\lib\operations\insert.js:51:19)
    at tryOperation (C:\Users\use\Desktop\AG\fullpayroll\fullpayroll\server\node_modules\mongodb\lib\operations\execute_operation.js:216:34)
    at process.processTicksAndRejections (node:internal/process/task_queues:105:5)
    at async executeOperation (C:\Users\use\Desktop\AG\fullpayroll\fullpayroll\server\node_modules\mongodb\lib\operations\execute_operation.js:80:16)
    at async Collection.insertOne (C:\Users\use\Desktop\AG\fullpayroll\fullpayroll\server\node_modules\mongodb\lib\collection.js:154:16)
    at async model.$__save (C:\Users\use\Desktop\AG\fullpayroll\fullpayroll\server\node_modules\mongoose\lib\model.js:398:16)
    at async model.save (C:\Users\use\Desktop\AG\fullpayroll\fullpayroll\server\node_modules\mongoose\lib\model.js:609:5)
    at async C:\Users\use\Desktop\AG\fullpayroll\fullpayroll\server\node_modules\mongoose\lib\model.js:2714:9
    at async Promise.all (index 0)
    at async Function.create (C:\Users\use\Desktop\AG\fullpayroll\fullpayroll\server\node_modules\mongoose\lib\model.js:2699:11)
2026-02-10T14:46:49.474Z - MongoServerError: E11000 duplicate key error collection: demo_nm_1.payrollprofiles index: employeeId_1 dup key: { employeeId: null }
    at InsertOneOperation.handleOk (C:\Users\use\Desktop\AG\fullpayroll\fullpayroll\server\node_modules\mongodb\lib\operations\insert.js:51:19)
    at tryOperation (C:\Users\use\Desktop\AG\fullpayroll\fullpayroll\server\node_modules\mongodb\lib\operations\execute_operation.js:216:34)
    at process.processTicksAndRejections (node:internal/process/task_queues:105:5)
    at async executeOperation (C:\Users\use\Desktop\AG\fullpayroll\fullpayroll\server\node_modules\mongodb\lib\operations\execute_operation.js:80:16)
    at async Collection.insertOne (C:\Users\use\Desktop\AG\fullpayroll\fullpayroll\server\node_modules\mongodb\lib\collection.js:154:16)
    at async model.$__save (C:\Users\use\Desktop\AG\fullpayroll\fullpayroll\server\node_modules\mongoose\lib\model.js:398:16)
    at async model.save (C:\Users\use\Desktop\AG\fullpayroll\fullpayroll\server\node_modules\mongoose\lib\model.js:609:5)
    at async C:\Users\use\Desktop\AG\fullpayroll\fullpayroll\server\node_modules\mongoose\lib\model.js:2714:9
    at async Promise.all (index 0)
    at async Function.create (C:\Users\use\Desktop\AG\fullpayroll\fullpayroll\server\node_modules\mongoose\lib\model.js:2699:11)
2026-02-10T15:09:44.762Z - MongoServerError: E11000 duplicate key error collection: demo_nm_1.payrollprofiles index: employeeCode_1 dup key: { employeeCode: null }
    at InsertOneOperation.handleOk (C:\Users\use\Desktop\AG\fullpayroll\fullpayroll\server\node_modules\mongodb\lib\operations\insert.js:51:19)
    at tryOperation (C:\Users\use\Desktop\AG\fullpayroll\fullpayroll\server\node_modules\mongodb\lib\operations\execute_operation.js:216:34)
    at process.processTicksAndRejections (node:internal/process/task_queues:105:5)
    at async executeOperation (C:\Users\use\Desktop\AG\fullpayroll\fullpayroll\server\node_modules\mongodb\lib\operations\execute_operation.js:80:16)
    at async Collection.insertOne (C:\Users\use\Desktop\AG\fullpayroll\fullpayroll\server\node_modules\mongodb\lib\collection.js:154:16)
    at async model.$__save (C:\Users\use\Desktop\AG\fullpayroll\fullpayroll\server\node_modules\mongoose\lib\model.js:398:16)
    at async model.save (C:\Users\use\Desktop\AG\fullpayroll\fullpayroll\server\node_modules\mongoose\lib\model.js:609:5)
    at async C:\Users\use\Desktop\AG\fullpayroll\fullpayroll\server\node_modules\mongoose\lib\model.js:2714:9
    at async Promise.all (index 0)
    at async Function.create (C:\Users\use\Desktop\AG\fullpayroll\fullpayroll\server\node_modules\mongoose\lib\model.js:2699:11)
2026-02-10T15:11:27.374Z - MongoServerError: E11000 duplicate key error collection: demo_nm_1.payrollprofiles index: employeeCode_1 dup key: { employeeCode: null }
    at InsertOneOperation.handleOk (C:\Users\use\Desktop\AG\fullpayroll\fullpayroll\server\node_modules\mongodb\lib\operations\insert.js:51:19)
    at tryOperation (C:\Users\use\Desktop\AG\fullpayroll\fullpayroll\server\node_modules\mongodb\lib\operations\execute_operation.js:216:34)
    at process.processTicksAndRejections (node:internal/process/task_queues:105:5)
    at async executeOperation (C:\Users\use\Desktop\AG\fullpayroll\fullpayroll\server\node_modules\mongodb\lib\operations\execute_operation.js:80:16)
    at async Collection.insertOne (C:\Users\use\Desktop\AG\fullpayroll\fullpayroll\server\node_modules\mongodb\lib\collection.js:154:16)
    at async model.$__save (C:\Users\use\Desktop\AG\fullpayroll\fullpayroll\server\node_modules\mongoose\lib\model.js:398:16)
    at async model.save (C:\Users\use\Desktop\AG\fullpayroll\fullpayroll\server\node_modules\mongoose\lib\model.js:609:5)
    at async C:\Users\use\Desktop\AG\fullpayroll\fullpayroll\server\node_modules\mongoose\lib\model.js:2714:9
    at async Promise.all (index 0)
    at async Function.create (C:\Users\use\Desktop\AG\fullpayroll\fullpayroll\server\node_modules\mongoose\lib\model.js:2699:11)
2026-02-10T15:11:48.388Z - MongoServerError: E11000 duplicate key error collection: demo_nm_1.payrollprofiles index: employeeCode_1 dup key: { employeeCode: null }
    at InsertOneOperation.handleOk (C:\Users\use\Desktop\AG\fullpayroll\fullpayroll\server\node_modules\mongodb\lib\operations\insert.js:51:19)
    at tryOperation (C:\Users\use\Desktop\AG\fullpayroll\fullpayroll\server\node_modules\mongodb\lib\operations\execute_operation.js:216:34)
    at process.processTicksAndRejections (node:internal/process/task_queues:105:5)
    at async executeOperation (C:\Users\use\Desktop\AG\fullpayroll\fullpayroll\server\node_modules\mongodb\lib\operations\execute_operation.js:80:16)
    at async Collection.insertOne (C:\Users\use\Desktop\AG\fullpayroll\fullpayroll\server\node_modules\mongodb\lib\collection.js:154:16)
    at async model.$__save (C:\Users\use\Desktop\AG\fullpayroll\fullpayroll\server\node_modules\mongoose\lib\model.js:398:16)
    at async model.save (C:\Users\use\Desktop\AG\fullpayroll\fullpayroll\server\node_modules\mongoose\lib\model.js:609:5)
    at async C:\Users\use\Desktop\AG\fullpayroll\fullpayroll\server\node_modules\mongoose\lib\model.js:2714:9
    at async Promise.all (index 0)
    at async Function.create (C:\Users\use\Desktop\AG\fullpayroll\fullpayroll\server\node_modules\mongoose\lib\model.js:2699:11)
2026-02-10T15:11:53.265Z - MongoServerError: E11000 duplicate key error collection: demo_nm_1.payrollprofiles index: employeeCode_1 dup key: { employeeCode: null }
    at InsertOneOperation.handleOk (C:\Users\use\Desktop\AG\fullpayroll\fullpayroll\server\node_modules\mongodb\lib\operations\insert.js:51:19)
    at tryOperation (C:\Users\use\Desktop\AG\fullpayroll\fullpayroll\server\node_modules\mongodb\lib\operations\execute_operation.js:216:34)
    at process.processTicksAndRejections (node:internal/process/task_queues:105:5)
    at async executeOperation (C:\Users\use\Desktop\AG\fullpayroll\fullpayroll\server\node_modules\mongodb\lib\operations\execute_operation.js:80:16)
    at async Collection.insertOne (C:\Users\use\Desktop\AG\fullpayroll\fullpayroll\server\node_modules\mongodb\lib\collection.js:154:16)
    at async model.$__save (C:\Users\use\Desktop\AG\fullpayroll\fullpayroll\server\node_modules\mongoose\lib\model.js:398:16)
    at async model.save (C:\Users\use\Desktop\AG\fullpayroll\fullpayroll\server\node_modules\mongoose\lib\model.js:609:5)
    at async C:\Users\use\Desktop\AG\fullpayroll\fullpayroll\server\node_modules\mongoose\lib\model.js:2714:9
    at async Promise.all (index 0)
    at async Function.create (C:\Users\use\Desktop\AG\fullpayroll\fullpayroll\server\node_modules\mongoose\lib\model.js:2699:11)
